# JRE version: OpenJDK Runtime Environment (17.0.11) (build 17.0.11+0--11852314)
# Java VM: OpenJDK 64-Bit Server VM (17.0.11+0--11852314, mixed mode, tiered, compressed oops, compressed class ptrs, g1 gc, windows-amd64)
GC Precious Log:
 CPUs: 4 total, 4 available
 Memory: 6082M
 Large Page Support: Disabled
 NUMA Support: Disabled
 Compressed Oops: Enabled (32-bit)
 Heap Region Size: 1M
 Heap Min Capacity: 8M
 Heap Initial Capacity: 96M
 Heap Max Capacity: 2G
 Pre-touch: Disabled
 Parallel Workers: 4
 Concurrent Workers: 1
 Concurrent Refinement Workers: 4
 Periodic GC: Disabled
Heap:
 garbage-first heap   total 135168K, used 85408K [0x0000000080000000, 0x0000000100000000)
  region size 1024K, 4 young (4096K), 4 survivors (4096K)
 Metaspace       used 68799K, committed 69440K, reserved 1114112K
  class space    used 9294K, committed 9600K, reserved 1048576K
GC Heap History (20 events):
Event: 22.106 GC heap after
{Heap after GC invocations=27 (full 0):
 garbage-first heap   total 124928K, used 70179K [0x0000000080000000, 0x0000000100000000)
  region size 1024K, 2 young (2048K), 2 survivors (2048K)
 Metaspace       used 53269K, committed 53888K, reserved 1114112K
  class space    used 7109K, committed 7424K, reserved 1048576K
}
Event: 22.522 GC heap before
{Heap before GC invocations=27 (full 0):
 garbage-first heap   total 124928K, used 90659K [0x0000000080000000, 0x0000000100000000)
  region size 1024K, 22 young (22528K), 2 survivors (2048K)
 Metaspace       used 54148K, committed 54720K, reserved 1114112K
  class space    used 7263K, committed 7552K, reserved 1048576K
}
Event: 22.527 GC heap after
{Heap after GC invocations=28 (full 0):
 garbage-first heap   total 124928K, used 71333K [0x0000000080000000, 0x0000000100000000)
  region size 1024K, 3 young (3072K), 3 survivors (3072K)
 Metaspace       used 54148K, committed 54720K, reserved 1114112K
  class space    used 7263K, committed 7552K, reserved 1048576K
}
Event: 23.443 GC heap before
{Heap before GC invocations=29 (full 0):
 garbage-first heap   total 124928K, used 92837K [0x0000000080000000, 0x0000000100000000)
  region size 1024K, 24 young (24576K), 3 survivors (3072K)
 Metaspace       used 56936K, committed 57536K, reserved 1114112K
  class space    used 7702K, committed 8000K, reserved 1048576K
}
Event: 23.449 GC heap after
{Heap after GC invocations=30 (full 0):
 garbage-first heap   total 124928K, used 72669K [0x0000000080000000, 0x0000000100000000)
  region size 1024K, 3 young (3072K), 3 survivors (3072K)
 Metaspace       used 56936K, committed 57536K, reserved 1114112K
  class space    used 7702K, committed 8000K, reserved 1048576K
}
Event: 23.584 GC heap before
{Heap before GC invocations=30 (full 0):
 garbage-first heap   total 124928K, used 75741K [0x0000000080000000, 0x0000000100000000)
  region size 1024K, 6 young (6144K), 3 survivors (3072K)
 Metaspace       used 57238K, committed 57792K, reserved 1114112K
  class space    used 7755K, committed 8000K, reserved 1048576K
}
Event: 23.593 GC heap after
{Heap after GC invocations=31 (full 0):
 garbage-first heap   total 124928K, used 72553K [0x0000000080000000, 0x0000000100000000)
  region size 1024K, 1 young (1024K), 1 survivors (1024K)
 Metaspace       used 57238K, committed 57792K, reserved 1114112K
  class space    used 7755K, committed 8000K, reserved 1048576K
}
Event: 24.205 GC heap before
{Heap before GC invocations=31 (full 0):
 garbage-first heap   total 124928K, used 95081K [0x0000000080000000, 0x0000000100000000)
  region size 1024K, 23 young (23552K), 1 survivors (1024K)
 Metaspace       used 59330K, committed 60032K, reserved 1114112K
  class space    used 8130K, committed 8448K, reserved 1048576K
}
Event: 24.211 GC heap after
{Heap after GC invocations=32 (full 0):
 garbage-first heap   total 124928K, used 73781K [0x0000000080000000, 0x0000000100000000)
  region size 1024K, 2 young (2048K), 2 survivors (2048K)
 Metaspace       used 59330K, committed 60032K, reserved 1114112K
  class space    used 8130K, committed 8448K, reserved 1048576K
}
Event: 25.415 GC heap before
{Heap before GC invocations=33 (full 0):
 garbage-first heap   total 130048K, used 97333K [0x0000000080000000, 0x0000000100000000)
  region size 1024K, 25 young (25600K), 2 survivors (2048K)
 Metaspace       used 63041K, committed 63680K, reserved 1114112K
  class space    used 8597K, committed 8896K, reserved 1048576K
}
Event: 25.421 GC heap after
{Heap after GC invocations=34 (full 0):
 garbage-first heap   total 130048K, used 76013K [0x0000000080000000, 0x0000000100000000)
  region size 1024K, 4 young (4096K), 4 survivors (4096K)
 Metaspace       used 63041K, committed 63680K, reserved 1114112K
  class space    used 8597K, committed 8896K, reserved 1048576K
}
Event: 25.484 GC heap before
{Heap before GC invocations=34 (full 0):
 garbage-first heap   total 130048K, used 78061K [0x0000000080000000, 0x0000000100000000)
  region size 1024K, 6 young (6144K), 4 survivors (4096K)
 Metaspace       used 64039K, committed 64704K, reserved 1114112K
  class space    used 8718K, committed 9024K, reserved 1048576K
}
Event: 25.500 GC heap after
{Heap after GC invocations=35 (full 0):
 garbage-first heap   total 130048K, used 75782K [0x0000000080000000, 0x0000000100000000)
  region size 1024K, 1 young (1024K), 1 survivors (1024K)
 Metaspace       used 64039K, committed 64704K, reserved 1114112K
  class space    used 8718K, committed 9024K, reserved 1048576K
}
Event: 27.434 GC heap before
{Heap before GC invocations=35 (full 0):
 garbage-first heap   total 130048K, used 101382K [0x0000000080000000, 0x0000000100000000)
  region size 1024K, 27 young (27648K), 1 survivors (1024K)
 Metaspace       used 68083K, committed 68736K, reserved 1114112K
  class space    used 9242K, committed 9536K, reserved 1048576K
}
Event: 27.447 GC heap after
{Heap after GC invocations=36 (full 0):
 garbage-first heap   total 130048K, used 79300K [0x0000000080000000, 0x0000000100000000)
  region size 1024K, 4 young (4096K), 4 survivors (4096K)
 Metaspace       used 68083K, committed 68736K, reserved 1114112K
  class space    used 9242K, committed 9536K, reserved 1048576K
}
Event: 28.251 GC heap before
{Heap before GC invocations=37 (full 0):
 garbage-first heap   total 135168K, used 101828K [0x0000000080000000, 0x0000000100000000)
  region size 1024K, 27 young (27648K), 4 survivors (4096K)
 Metaspace       used 68546K, committed 69184K, reserved 1114112K
  class space    used 9279K, committed 9600K, reserved 1048576K
}
Event: 28.261 GC heap after
{Heap after GC invocations=38 (full 0):
 garbage-first heap   total 135168K, used 83019K [0x0000000080000000, 0x0000000100000000)
  region size 1024K, 4 young (4096K), 4 survivors (4096K)
 Metaspace       used 68546K, committed 69184K, reserved 1114112K
  class space    used 9279K, committed 9600K, reserved 1048576K
}
Event: 28.282 GC heap before
{Heap before GC invocations=38 (full 0):
 garbage-first heap   total 135168K, used 85067K [0x0000000080000000, 0x0000000100000000)
  region size 1024K, 6 young (6144K), 4 survivors (4096K)
 Metaspace       used 68565K, committed 69184K, reserved 1114112K
  class space    used 9279K, committed 9600K, reserved 1048576K
}
Event: 28.288 GC heap after
{Heap after GC invocations=39 (full 0):
 garbage-first heap   total 135168K, used 83075K [0x0000000080000000, 0x0000000100000000)
  region size 1024K, 1 young (1024K), 1 survivors (1024K)
 Metaspace       used 68565K, committed 69184K, reserved 1114112K
  class space    used 9279K, committed 9600K, reserved 1048576K
}
Event: 28.960 GC heap before
{Heap before GC invocations=39 (full 0):
 garbage-first heap   total 135168K, used 106627K [0x0000000080000000, 0x0000000100000000)
  region size 1024K, 25 young (25600K), 1 survivors (1024K)
 Metaspace       used 68799K, committed 69440K, reserved 1114112K
  class space    used 9294K, committed 9600K, reserved 1048576K
}

