# JRE version: OpenJDK Runtime Environment (17.0.11) (build 17.0.11+0--11852314)
# Java VM: OpenJDK 64-Bit Server VM (17.0.11+0--11852314, mixed mode, tiered, compressed oops, compressed class ptrs, g1 gc, windows-amd64)
GC Precious Log:
 CPUs: 4 total, 4 available
 Memory: 6082M
 Large Page Support: Disabled
 NUMA Support: Disabled
 Compressed Oops: Enabled (32-bit)
 Heap Region Size: 1M
 Heap Min Capacity: 8M
 Heap Initial Capacity: 96M
 Heap Max Capacity: 2G
 Pre-touch: Disabled
 Parallel Workers: 4
 Concurrent Workers: 1
 Concurrent Refinement Workers: 4
 Periodic GC: Disabled
Heap:
 garbage-first heap   total 152576K, used 107369K [0x0000000080000000, 0x0000000100000000)
  region size 1024K, 43 young (44032K), 3 survivors (3072K)
 Metaspace       used 65561K, committed 66112K, reserved 1114112K
  class space    used 8782K, committed 9024K, reserved 1048576K
GC Heap History (20 events):
Event: 9.479 GC heap before
{Heap before GC invocations=16 (full 0):
 garbage-first heap   total 82944K, used 63470K [0x0000000080000000, 0x0000000100000000)
  region size 1024K, 31 young (31744K), 2 survivors (2048K)
 Metaspace       used 50768K, committed 51264K, reserved 1114112K
  class space    used 7007K, committed 7232K, reserved 1048576K
}
Event: 9.484 GC heap after
{Heap after GC invocations=17 (full 0):
 garbage-first heap   total 82944K, used 35392K [0x0000000080000000, 0x0000000100000000)
  region size 1024K, 3 young (3072K), 3 survivors (3072K)
 Metaspace       used 50768K, committed 51264K, reserved 1114112K
  class space    used 7007K, committed 7232K, reserved 1048576K
}
Event: 9.510 GC heap before
{Heap before GC invocations=17 (full 0):
 garbage-first heap   total 82944K, used 36416K [0x0000000080000000, 0x0000000100000000)
  region size 1024K, 4 young (4096K), 3 survivors (3072K)
 Metaspace       used 50856K, committed 51328K, reserved 1114112K
  class space    used 7026K, committed 7232K, reserved 1048576K
}
Event: 9.515 GC heap after
{Heap after GC invocations=18 (full 0):
 garbage-first heap   total 82944K, used 35676K [0x0000000080000000, 0x0000000100000000)
  region size 1024K, 1 young (1024K), 1 survivors (1024K)
 Metaspace       used 50856K, committed 51328K, reserved 1114112K
  class space    used 7026K, committed 7232K, reserved 1048576K
}
Event: 9.840 GC heap before
{Heap before GC invocations=18 (full 0):
 garbage-first heap   total 82944K, used 47964K [0x0000000080000000, 0x0000000100000000)
  region size 1024K, 14 young (14336K), 1 survivors (1024K)
 Metaspace       used 52314K, committed 52736K, reserved 1114112K
  class space    used 7267K, committed 7488K, reserved 1048576K
}
Event: 9.842 GC heap after
{Heap after GC invocations=19 (full 0):
 garbage-first heap   total 82944K, used 36659K [0x0000000080000000, 0x0000000100000000)
  region size 1024K, 1 young (1024K), 1 survivors (1024K)
 Metaspace       used 52314K, committed 52736K, reserved 1114112K
  class space    used 7267K, committed 7488K, reserved 1048576K
}
Event: 11.124 GC heap before
{Heap before GC invocations=19 (full 0):
 garbage-first heap   total 82944K, used 66355K [0x0000000080000000, 0x0000000100000000)
  region size 1024K, 30 young (30720K), 1 survivors (1024K)
 Metaspace       used 55715K, committed 56256K, reserved 1114112K
  class space    used 7639K, committed 7872K, reserved 1048576K
}
Event: 11.132 GC heap after
{Heap after GC invocations=20 (full 0):
 garbage-first heap   total 82944K, used 39059K [0x0000000080000000, 0x0000000100000000)
  region size 1024K, 4 young (4096K), 4 survivors (4096K)
 Metaspace       used 55715K, committed 56256K, reserved 1114112K
  class space    used 7639K, committed 7872K, reserved 1048576K
}
Event: 11.780 GC heap before
{Heap before GC invocations=20 (full 0):
 garbage-first heap   total 82944K, used 64659K [0x0000000080000000, 0x0000000100000000)
  region size 1024K, 30 young (30720K), 4 survivors (4096K)
 Metaspace       used 56525K, committed 57024K, reserved 1114112K
  class space    used 7740K, committed 8000K, reserved 1048576K
}
Event: 11.794 GC heap after
{Heap after GC invocations=21 (full 0):
 garbage-first heap   total 82944K, used 42983K [0x0000000080000000, 0x0000000100000000)
  region size 1024K, 4 young (4096K), 4 survivors (4096K)
 Metaspace       used 56525K, committed 57024K, reserved 1114112K
  class space    used 7740K, committed 8000K, reserved 1048576K
}
Event: 12.217 GC heap before
{Heap before GC invocations=21 (full 0):
 garbage-first heap   total 82944K, used 64487K [0x0000000080000000, 0x0000000100000000)
  region size 1024K, 26 young (26624K), 4 survivors (4096K)
 Metaspace       used 56706K, committed 57216K, reserved 1114112K
  class space    used 7740K, committed 8000K, reserved 1048576K
}
Event: 12.224 GC heap after
{Heap after GC invocations=22 (full 0):
 garbage-first heap   total 82944K, used 44624K [0x0000000080000000, 0x0000000100000000)
  region size 1024K, 4 young (4096K), 4 survivors (4096K)
 Metaspace       used 56706K, committed 57216K, reserved 1114112K
  class space    used 7740K, committed 8000K, reserved 1048576K
}
Event: 12.714 GC heap before
{Heap before GC invocations=23 (full 0):
 garbage-first heap   total 83968K, used 73296K [0x0000000080000000, 0x0000000100000000)
  region size 1024K, 21 young (21504K), 4 survivors (4096K)
 Metaspace       used 56978K, committed 57536K, reserved 1114112K
  class space    used 7779K, committed 8064K, reserved 1048576K
}
Event: 12.723 GC heap after
{Heap after GC invocations=24 (full 0):
 garbage-first heap   total 86016K, used 63008K [0x0000000080000000, 0x0000000100000000)
  region size 1024K, 3 young (3072K), 3 survivors (3072K)
 Metaspace       used 56978K, committed 57536K, reserved 1114112K
  class space    used 7779K, committed 8064K, reserved 1048576K
}
Event: 12.941 GC heap before
{Heap before GC invocations=24 (full 0):
 garbage-first heap   total 86016K, used 64032K [0x0000000080000000, 0x0000000100000000)
  region size 1024K, 4 young (4096K), 3 survivors (3072K)
 Metaspace       used 57075K, committed 57600K, reserved 1114112K
  class space    used 7799K, committed 8064K, reserved 1048576K
}
Event: 12.953 GC heap after
{Heap after GC invocations=25 (full 0):
 garbage-first heap   total 86016K, used 62834K [0x0000000080000000, 0x0000000100000000)
  region size 1024K, 1 young (1024K), 1 survivors (1024K)
 Metaspace       used 57075K, committed 57600K, reserved 1114112K
  class space    used 7799K, committed 8064K, reserved 1048576K
}
Event: 13.070 GC heap before
{Heap before GC invocations=25 (full 0):
 garbage-first heap   total 86016K, used 64882K [0x0000000080000000, 0x0000000100000000)
  region size 1024K, 4 young (4096K), 1 survivors (1024K)
 Metaspace       used 57342K, committed 57920K, reserved 1114112K
  class space    used 7846K, committed 8128K, reserved 1048576K
}
Event: 13.072 GC heap after
{Heap after GC invocations=26 (full 0):
 garbage-first heap   total 152576K, used 62937K [0x0000000080000000, 0x0000000100000000)
  region size 1024K, 1 young (1024K), 1 survivors (1024K)
 Metaspace       used 57342K, committed 57920K, reserved 1114112K
  class space    used 7846K, committed 8128K, reserved 1048576K
}
Event: 14.372 GC heap before
{Heap before GC invocations=26 (full 0):
 garbage-first heap   total 152576K, used 114137K [0x0000000080000000, 0x0000000100000000)
  region size 1024K, 49 young (50176K), 1 survivors (1024K)
 Metaspace       used 61132K, committed 61696K, reserved 1114112K
  class space    used 8345K, committed 8640K, reserved 1048576K
}
Event: 14.376 GC heap after
{Heap after GC invocations=27 (full 0):
 garbage-first heap   total 152576K, used 67433K [0x0000000080000000, 0x0000000100000000)
  region size 1024K, 3 young (3072K), 3 survivors (3072K)
 Metaspace       used 61132K, committed 61696K, reserved 1114112K
  class space    used 8345K, committed 8640K, reserved 1048576K
}

