# JRE version: OpenJDK Runtime Environment (17.0.11) (build 17.0.11+0--11852314)
# Java VM: OpenJDK 64-Bit Server VM (17.0.11+0--11852314, mixed mode, tiered, compressed oops, compressed class ptrs, g1 gc, windows-amd64)
GC Precious Log:
 CPUs: 4 total, 4 available
 Memory: 6082M
 Large Page Support: Disabled
 NUMA Support: Disabled
 Compressed Oops: Enabled (32-bit)
 Heap Region Size: 1M
 Heap Min Capacity: 8M
 Heap Initial Capacity: 96M
 Heap Max Capacity: 2G
 Pre-touch: Disabled
 Parallel Workers: 4
 Concurrent Workers: 1
 Concurrent Refinement Workers: 4
 Periodic GC: Disabled
Heap:
 garbage-first heap   total 109568K, used 68553K [0x0000000080000000, 0x0000000100000000)
  region size 1024K, 5 young (5120K), 3 survivors (3072K)
 Metaspace       used 50662K, committed 51136K, reserved 1114112K
  class space    used 6855K, committed 7040K, reserved 1048576K
GC Heap History (20 events):
Event: 12.982 GC heap before
{Heap before GC invocations=9 (full 0):
 garbage-first heap   total 68608K, used 52563K [0x0000000080000000, 0x0000000100000000)
  region size 1024K, 18 young (18432K), 4 survivors (4096K)
 Metaspace       used 34139K, committed 34496K, reserved 1114112K
  class space    used 4642K, committed 4800K, reserved 1048576K
}
Event: 12.990 GC heap after
{Heap after GC invocations=10 (full 0):
 garbage-first heap   total 68608K, used 40356K [0x0000000080000000, 0x0000000100000000)
  region size 1024K, 1 young (1024K), 1 survivors (1024K)
 Metaspace       used 34139K, committed 34496K, reserved 1114112K
  class space    used 4642K, committed 4800K, reserved 1048576K
}
Event: 13.719 GC heap before
{Heap before GC invocations=10 (full 0):
 garbage-first heap   total 68608K, used 52644K [0x0000000080000000, 0x0000000100000000)
  region size 1024K, 14 young (14336K), 1 survivors (1024K)
 Metaspace       used 35688K, committed 36032K, reserved 1114112K
  class space    used 4906K, committed 5056K, reserved 1048576K
}
Event: 13.723 GC heap after
{Heap after GC invocations=11 (full 0):
 garbage-first heap   total 68608K, used 40931K [0x0000000080000000, 0x0000000100000000)
  region size 1024K, 2 young (2048K), 2 survivors (2048K)
 Metaspace       used 35688K, committed 36032K, reserved 1114112K
  class space    used 4906K, committed 5056K, reserved 1048576K
}
Event: 14.783 GC heap before
{Heap before GC invocations=12 (full 0):
 garbage-first heap   total 71680K, used 54243K [0x0000000080000000, 0x0000000100000000)
  region size 1024K, 15 young (15360K), 2 survivors (2048K)
 Metaspace       used 37513K, committed 37888K, reserved 1114112K
  class space    used 5184K, committed 5312K, reserved 1048576K
}
Event: 14.788 GC heap after
{Heap after GC invocations=13 (full 0):
 garbage-first heap   total 71680K, used 41390K [0x0000000080000000, 0x0000000100000000)
  region size 1024K, 2 young (2048K), 2 survivors (2048K)
 Metaspace       used 37513K, committed 37888K, reserved 1114112K
  class space    used 5184K, committed 5312K, reserved 1048576K
}
Event: 15.561 GC heap before
{Heap before GC invocations=13 (full 0):
 garbage-first heap   total 71680K, used 57774K [0x0000000080000000, 0x0000000100000000)
  region size 1024K, 18 young (18432K), 2 survivors (2048K)
 Metaspace       used 39956K, committed 40384K, reserved 1114112K
  class space    used 5577K, committed 5760K, reserved 1048576K
}
Event: 15.566 GC heap after
{Heap after GC invocations=14 (full 0):
 garbage-first heap   total 71680K, used 43129K [0x0000000080000000, 0x0000000100000000)
  region size 1024K, 3 young (3072K), 3 survivors (3072K)
 Metaspace       used 39956K, committed 40384K, reserved 1114112K
  class space    used 5577K, committed 5760K, reserved 1048576K
}
Event: 16.043 GC heap before
{Heap before GC invocations=15 (full 0):
 garbage-first heap   total 76800K, used 56441K [0x0000000080000000, 0x0000000100000000)
  region size 1024K, 17 young (17408K), 3 survivors (3072K)
 Metaspace       used 43742K, committed 44096K, reserved 1114112K
  class space    used 5963K, committed 6144K, reserved 1048576K
}
Event: 16.052 GC heap after
{Heap after GC invocations=16 (full 0):
 garbage-first heap   total 76800K, used 45039K [0x0000000080000000, 0x0000000100000000)
  region size 1024K, 3 young (3072K), 3 survivors (3072K)
 Metaspace       used 43742K, committed 44096K, reserved 1114112K
  class space    used 5963K, committed 6144K, reserved 1048576K
}
Event: 16.418 GC heap before
{Heap before GC invocations=16 (full 0):
 garbage-first heap   total 76800K, used 60399K [0x0000000080000000, 0x0000000100000000)
  region size 1024K, 19 young (19456K), 3 survivors (3072K)
 Metaspace       used 44698K, committed 45120K, reserved 1114112K
  class space    used 6033K, committed 6208K, reserved 1048576K
}
Event: 16.425 GC heap after
{Heap after GC invocations=17 (full 0):
 garbage-first heap   total 76800K, used 47108K [0x0000000080000000, 0x0000000100000000)
  region size 1024K, 3 young (3072K), 3 survivors (3072K)
 Metaspace       used 44698K, committed 45120K, reserved 1114112K
  class space    used 6033K, committed 6208K, reserved 1048576K
}
Event: 16.780 GC heap before
{Heap before GC invocations=18 (full 0):
 garbage-first heap   total 87040K, used 57348K [0x0000000080000000, 0x0000000100000000)
  region size 1024K, 15 young (15360K), 3 survivors (3072K)
 Metaspace       used 45174K, committed 45632K, reserved 1114112K
  class space    used 6082K, committed 6272K, reserved 1048576K
}
Event: 16.787 GC heap after
{Heap after GC invocations=19 (full 0):
 garbage-first heap   total 87040K, used 47578K [0x0000000080000000, 0x0000000100000000)
  region size 1024K, 2 young (2048K), 2 survivors (2048K)
 Metaspace       used 45174K, committed 45632K, reserved 1114112K
  class space    used 6082K, committed 6272K, reserved 1048576K
}
Event: 17.671 GC heap before
{Heap before GC invocations=20 (full 0):
 garbage-first heap   total 91136K, used 75226K [0x0000000080000000, 0x0000000100000000)
  region size 1024K, 24 young (24576K), 2 survivors (2048K)
 Metaspace       used 48390K, committed 48832K, reserved 1114112K
  class space    used 6481K, committed 6656K, reserved 1048576K
}
Event: 17.677 GC heap after
{Heap after GC invocations=21 (full 0):
 garbage-first heap   total 109568K, used 48878K [0x0000000080000000, 0x0000000100000000)
  region size 1024K, 2 young (2048K), 2 survivors (2048K)
 Metaspace       used 48390K, committed 48832K, reserved 1114112K
  class space    used 6481K, committed 6656K, reserved 1048576K
}
Event: 18.328 GC heap before
{Heap before GC invocations=21 (full 0):
 garbage-first heap   total 109568K, used 72430K [0x0000000080000000, 0x0000000100000000)
  region size 1024K, 23 young (23552K), 2 survivors (2048K)
 Metaspace       used 50254K, committed 50688K, reserved 1114112K
  class space    used 6790K, committed 6976K, reserved 1048576K
}
Event: 18.335 GC heap after
{Heap after GC invocations=22 (full 0):
 garbage-first heap   total 109568K, used 55068K [0x0000000080000000, 0x0000000100000000)
  region size 1024K, 5 young (5120K), 5 survivors (5120K)
 Metaspace       used 50254K, committed 50688K, reserved 1114112K
  class space    used 6790K, committed 6976K, reserved 1048576K
}
Event: 18.536 GC heap before
{Heap before GC invocations=23 (full 0):
 garbage-first heap   total 109568K, used 66332K [0x0000000080000000, 0x0000000100000000)
  region size 1024K, 12 young (12288K), 5 survivors (5120K)
 Metaspace       used 50537K, committed 51008K, reserved 1114112K
  class space    used 6844K, committed 7040K, reserved 1048576K
}
Event: 18.544 GC heap after
{Heap after GC invocations=24 (full 0):
 garbage-first heap   total 109568K, used 62409K [0x0000000080000000, 0x0000000100000000)
  region size 1024K, 3 young (3072K), 3 survivors (3072K)
 Metaspace       used 50537K, committed 51008K, reserved 1114112K
  class space    used 6844K, committed 7040K, reserved 1048576K
}

