# JRE version: OpenJDK Runtime Environment (17.0.11) (build 17.0.11+0--11852314)
# Java VM: OpenJDK 64-Bit Server VM (17.0.11+0--11852314, mixed mode, tiered, compressed oops, compressed class ptrs, g1 gc, windows-amd64)
GC Precious Log:
 CPUs: 4 total, 4 available
 Memory: 6082M
 Large Page Support: Disabled
 NUMA Support: Disabled
 Compressed Oops: Enabled (32-bit)
 Heap Region Size: 1M
 Heap Min Capacity: 8M
 Heap Initial Capacity: 96M
 Heap Max Capacity: 2G
 Pre-touch: Disabled
 Parallel Workers: 4
 Concurrent Workers: 1
 Concurrent Refinement Workers: 4
 Periodic GC: Disabled
Heap:
 garbage-first heap   total 209920K, used 143786K [0x0000000080000000, 0x0000000100000000)
  region size 1024K, 25 young (25600K), 1 survivors (1024K)
 Metaspace       used 90086K, committed 90816K, reserved 1179648K
  class space    used 12592K, committed 12928K, reserved 1048576K
GC Heap History (20 events):
Event: 16.327 GC heap before
{Heap before GC invocations=35 (full 0):
 garbage-first heap   total 153600K, used 123629K [0x0000000080000000, 0x0000000100000000)
  region size 1024K, 21 young (21504K), 1 survivors (1024K)
 Metaspace       used 68656K, committed 69376K, reserved 1114112K
  class space    used 9792K, committed 10112K, reserved 1048576K
}
Event: 16.329 GC heap after
{Heap after GC invocations=36 (full 0):
 garbage-first heap   total 153600K, used 105194K [0x0000000080000000, 0x0000000100000000)
  region size 1024K, 2 young (2048K), 2 survivors (2048K)
 Metaspace       used 68656K, committed 69376K, reserved 1114112K
  class space    used 9792K, committed 10112K, reserved 1048576K
}
Event: 16.629 GC heap before
{Heap before GC invocations=36 (full 0):
 garbage-first heap   total 153600K, used 124650K [0x0000000080000000, 0x0000000100000000)
  region size 1024K, 22 young (22528K), 2 survivors (2048K)
 Metaspace       used 70284K, committed 70976K, reserved 1114112K
  class space    used 10010K, committed 10304K, reserved 1048576K
}
Event: 16.631 GC heap after
{Heap after GC invocations=37 (full 0):
 garbage-first heap   total 153600K, used 105328K [0x0000000080000000, 0x0000000100000000)
  region size 1024K, 2 young (2048K), 2 survivors (2048K)
 Metaspace       used 70284K, committed 70976K, reserved 1114112K
  class space    used 10010K, committed 10304K, reserved 1048576K
}
Event: 16.987 GC heap before
{Heap before GC invocations=37 (full 0):
 garbage-first heap   total 153600K, used 127856K [0x0000000080000000, 0x0000000100000000)
  region size 1024K, 24 young (24576K), 2 survivors (2048K)
 Metaspace       used 72707K, committed 73472K, reserved 1114112K
  class space    used 10251K, committed 10624K, reserved 1048576K
}
Event: 16.991 GC heap after
{Heap after GC invocations=38 (full 0):
 garbage-first heap   total 153600K, used 105937K [0x0000000080000000, 0x0000000100000000)
  region size 1024K, 2 young (2048K), 2 survivors (2048K)
 Metaspace       used 72707K, committed 73472K, reserved 1114112K
  class space    used 10251K, committed 10624K, reserved 1048576K
}
Event: 17.446 GC heap before
{Heap before GC invocations=39 (full 0):
 garbage-first heap   total 189440K, used 124369K [0x0000000080000000, 0x0000000100000000)
  region size 1024K, 21 young (21504K), 2 survivors (2048K)
 Metaspace       used 74553K, committed 75200K, reserved 1114112K
  class space    used 10430K, committed 10752K, reserved 1048576K
}
Event: 17.452 GC heap after
{Heap after GC invocations=40 (full 0):
 garbage-first heap   total 189440K, used 106764K [0x0000000080000000, 0x0000000100000000)
  region size 1024K, 2 young (2048K), 2 survivors (2048K)
 Metaspace       used 74553K, committed 75200K, reserved 1114112K
  class space    used 10430K, committed 10752K, reserved 1048576K
}
Event: 18.063 GC heap before
{Heap before GC invocations=40 (full 0):
 garbage-first heap   total 189440K, used 113932K [0x0000000080000000, 0x0000000100000000)
  region size 1024K, 9 young (9216K), 2 survivors (2048K)
 Metaspace       used 75144K, committed 75840K, reserved 1114112K
  class space    used 10506K, committed 10880K, reserved 1048576K
}
Event: 18.068 GC heap after
{Heap after GC invocations=41 (full 0):
 garbage-first heap   total 189440K, used 105802K [0x0000000080000000, 0x0000000100000000)
  region size 1024K, 1 young (1024K), 1 survivors (1024K)
 Metaspace       used 75144K, committed 75840K, reserved 1114112K
  class space    used 10506K, committed 10880K, reserved 1048576K
}
Event: 19.265 GC heap before
{Heap before GC invocations=41 (full 0):
 garbage-first heap   total 189440K, used 163146K [0x0000000080000000, 0x0000000100000000)
  region size 1024K, 52 young (53248K), 1 survivors (1024K)
 Metaspace       used 79467K, committed 80192K, reserved 1179648K
  class space    used 11126K, committed 11456K, reserved 1048576K
}
Event: 19.272 GC heap after
{Heap after GC invocations=42 (full 0):
 garbage-first heap   total 189440K, used 111578K [0x0000000080000000, 0x0000000100000000)
  region size 1024K, 6 young (6144K), 6 survivors (6144K)
 Metaspace       used 79467K, committed 80192K, reserved 1179648K
  class space    used 11126K, committed 11456K, reserved 1048576K
}
Event: 20.468 GC heap before
{Heap before GC invocations=42 (full 0):
 garbage-first heap   total 189440K, used 156634K [0x0000000080000000, 0x0000000100000000)
  region size 1024K, 50 young (51200K), 6 survivors (6144K)
 Metaspace       used 83376K, committed 84096K, reserved 1179648K
  class space    used 11652K, committed 11968K, reserved 1048576K
}
Event: 20.482 GC heap after
{Heap after GC invocations=43 (full 0):
 garbage-first heap   total 189440K, used 114141K [0x0000000080000000, 0x0000000100000000)
  region size 1024K, 3 young (3072K), 3 survivors (3072K)
 Metaspace       used 83376K, committed 84096K, reserved 1179648K
  class space    used 11652K, committed 11968K, reserved 1048576K
}
Event: 20.586 GC heap before
{Heap before GC invocations=43 (full 0):
 garbage-first heap   total 189440K, used 117213K [0x0000000080000000, 0x0000000100000000)
  region size 1024K, 7 young (7168K), 3 survivors (3072K)
 Metaspace       used 83750K, committed 84480K, reserved 1179648K
  class space    used 11702K, committed 12032K, reserved 1048576K
}
Event: 20.593 GC heap after
{Heap after GC invocations=44 (full 0):
 garbage-first heap   total 189440K, used 114047K [0x0000000080000000, 0x0000000100000000)
  region size 1024K, 3 young (3072K), 3 survivors (3072K)
 Metaspace       used 83750K, committed 84480K, reserved 1179648K
  class space    used 11702K, committed 12032K, reserved 1048576K
}
Event: 21.418 GC heap before
{Heap before GC invocations=45 (full 0):
 garbage-first heap   total 209920K, used 162175K [0x0000000080000000, 0x0000000100000000)
  region size 1024K, 46 young (47104K), 3 survivors (3072K)
 Metaspace       used 88045K, committed 88768K, reserved 1179648K
  class space    used 12302K, committed 12608K, reserved 1048576K
}
Event: 21.425 GC heap after
{Heap after GC invocations=46 (full 0):
 garbage-first heap   total 209920K, used 120518K [0x0000000080000000, 0x0000000100000000)
  region size 1024K, 5 young (5120K), 5 survivors (5120K)
 Metaspace       used 88045K, committed 88768K, reserved 1179648K
  class space    used 12302K, committed 12608K, reserved 1048576K
}
Event: 21.509 GC heap before
{Heap before GC invocations=46 (full 0):
 garbage-first heap   total 209920K, used 125638K [0x0000000080000000, 0x0000000100000000)
  region size 1024K, 10 young (10240K), 5 survivors (5120K)
 Metaspace       used 88605K, committed 89280K, reserved 1179648K
  class space    used 12387K, committed 12672K, reserved 1048576K
}
Event: 21.518 GC heap after
{Heap after GC invocations=47 (full 0):
 garbage-first heap   total 209920K, used 120234K [0x0000000080000000, 0x0000000100000000)
  region size 1024K, 1 young (1024K), 1 survivors (1024K)
 Metaspace       used 88605K, committed 89280K, reserved 1179648K
  class space    used 12387K, committed 12672K, reserved 1048576K
}

